Training epoch 1
Training loss: 1.1850
Valid acc: 0.4721
Training epoch 2
Training loss: 1.1724
Valid acc: 0.4721
Training epoch 3
Training loss: 1.1675
Valid acc: 0.4742
Training epoch 4
Training loss: 1.1635
Valid acc: 0.4931
Training epoch 5
Training loss: 1.1581
Valid acc: 0.5183
Training epoch 6
Training loss: 1.1500
Valid acc: 0.5584
Training epoch 7
Training loss: 1.1380
Valid acc: 0.6119
Training epoch 8
Training loss: 1.1208
Valid acc: 0.6661
Training epoch 9
Training loss: 1.0970
Valid acc: 0.7090
Training epoch 10
Training loss: 1.0708
Valid acc: 0.7315
Training epoch 11
Training loss: 1.0448
Valid acc: 0.7377
Training epoch 12
Training loss: 1.0203
Valid acc: 0.7443
Training epoch 13
Training loss: 0.9976
Valid acc: 0.7360
Training epoch 14
Training loss: 0.9764
Valid acc: 0.7620
Training epoch 15
Training loss: 0.9566
Valid acc: 0.7591
Final Test acc: 0.7335
Number of trainable parameters:  224892
