Training epoch 1
Training loss: 0.8779
Valid acc: 0.7757
Training epoch 2
Training loss: 0.7639
Valid acc: 0.7338
Training epoch 3
Training loss: 0.7160
Valid acc: 0.8071
Training epoch 4
Training loss: 0.6888
Valid acc: 0.8029
Training epoch 5
Training loss: 0.6711
Valid acc: 0.8119
Training epoch 6
Training loss: 0.6596
Valid acc: 0.7817
Training epoch 7
Training loss: 0.6506
Valid acc: 0.8274
Training epoch 8
Training loss: 0.6437
Valid acc: 0.8138
Training epoch 9
Training loss: 0.6377
Valid acc: 0.8104
Training epoch 10
Training loss: 0.6332
Valid acc: 0.8077
Training epoch 11
Training loss: 0.6293
Valid acc: 0.8127
Training epoch 12
Training loss: 0.6271
Valid acc: 0.8027
Training epoch 13
Training loss: 0.6246
Valid acc: 0.8201
Training epoch 14
Training loss: 0.6236
Valid acc: 0.8344
Training epoch 15
Training loss: 0.6224
Valid acc: 0.8299
Final Test acc: 0.7713
Number of trainable parameters:  224892
