Training epoch 1
Training loss: 1.1851
Valid acc: 0.4721
Training epoch 2
Training loss: 1.1726
Valid acc: 0.4721
Training epoch 3
Training loss: 1.1674
Valid acc: 0.4726
Training epoch 4
Training loss: 1.1634
Valid acc: 0.4912
Training epoch 5
Training loss: 1.1579
Valid acc: 0.5247
Training epoch 6
Training loss: 1.1496
Valid acc: 0.5647
Training epoch 7
Training loss: 1.1373
Valid acc: 0.6079
Training epoch 8
Training loss: 1.1187
Valid acc: 0.6749
Training epoch 9
Training loss: 1.0935
Valid acc: 0.7144
Training epoch 10
Training loss: 1.0665
Valid acc: 0.7305
Training epoch 11
Training loss: 1.0404
Valid acc: 0.7091
Training epoch 12
Training loss: 1.0161
Valid acc: 0.7528
Training epoch 13
Training loss: 0.9937
Valid acc: 0.7524
Training epoch 14
Training loss: 0.9728
Valid acc: 0.7572
Training epoch 15
Training loss: 0.9531
Valid acc: 0.7792
Final Test acc: 0.7902
Number of trainable parameters:  224892
