Training epoch 1
Training loss: 1.1210
Valid acc: 0.6786
Training epoch 2
Training loss: 0.9541
Valid acc: 0.7861
Training epoch 3
Training loss: 0.8464
Valid acc: 0.8047
Training epoch 4
Training loss: 0.7755
Valid acc: 0.8296
Training epoch 5
Training loss: 0.7259
Valid acc: 0.8355
Training epoch 6
Training loss: 0.6887
Valid acc: 0.8388
Training epoch 7
Training loss: 0.6591
Valid acc: 0.8430
Training epoch 8
Training loss: 0.6349
Valid acc: 0.8468
Training epoch 9
Training loss: 0.6145
Valid acc: 0.8572
Training epoch 10
Training loss: 0.5970
Valid acc: 0.8628
Training epoch 11
Training loss: 0.5818
Valid acc: 0.8637
Training epoch 12
Training loss: 0.5683
Valid acc: 0.8655
Training epoch 13
Training loss: 0.5563
Valid acc: 0.8726
Training epoch 14
Training loss: 0.5454
Valid acc: 0.8716
Training epoch 15
Training loss: 0.5356
Valid acc: 0.8730
Final Test acc: 0.8223
Number of trainable parameters:  224892
