Training epoch 1
Training loss: 1.1166
Valid acc: 0.6779
Training epoch 2
Training loss: 0.9486
Valid acc: 0.7722
Training epoch 3
Training loss: 0.8428
Valid acc: 0.8137
Training epoch 4
Training loss: 0.7751
Valid acc: 0.8191
Training epoch 5
Training loss: 0.7268
Valid acc: 0.8352
Training epoch 6
Training loss: 0.6905
Valid acc: 0.8405
Training epoch 7
Training loss: 0.6616
Valid acc: 0.8221
Training epoch 8
Training loss: 0.6379
Valid acc: 0.8524
Training epoch 9
Training loss: 0.6179
Valid acc: 0.8628
Training epoch 10
Training loss: 0.6006
Valid acc: 0.8471
Training epoch 11
Training loss: 0.5855
Valid acc: 0.8603
Training epoch 12
Training loss: 0.5724
Valid acc: 0.8639
Training epoch 13
Training loss: 0.5606
Valid acc: 0.8652
Training epoch 14
Training loss: 0.5500
Valid acc: 0.8680
Training epoch 15
Training loss: 0.5404
Valid acc: 0.8648
Final Test acc: 0.8450
Number of trainable parameters:  224892
