Training epoch 1
Training loss: 0.8809
Valid acc: 0.7691
Training epoch 2
Training loss: 0.7725
Valid acc: 0.7888
Training epoch 3
Training loss: 0.7240
Valid acc: 0.8058
Training epoch 4
Training loss: 0.6947
Valid acc: 0.8154
Training epoch 5
Training loss: 0.6764
Valid acc: 0.8115
Training epoch 6
Training loss: 0.6641
Valid acc: 0.8219
Training epoch 7
Training loss: 0.6551
Valid acc: 0.8186
Training epoch 8
Training loss: 0.6479
Valid acc: 0.7657
Training epoch 9
Training loss: 0.6429
Valid acc: 0.8183
Training epoch 10
Training loss: 0.6388
Valid acc: 0.8084
Training epoch 11
Training loss: 0.6353
Valid acc: 0.7960
Training epoch 12
Training loss: 0.6317
Valid acc: 0.7992
Training epoch 13
Training loss: 0.6288
Valid acc: 0.8079
Training epoch 14
Training loss: 0.6274
Valid acc: 0.8181
Training epoch 15
Training loss: 0.6256
Valid acc: 0.8011
Final Test acc: 0.7958
Number of trainable parameters:  224892
