Training epoch 1
Training loss: 1.1859
Valid acc: 0.4721
Training epoch 2
Training loss: 1.1729
Valid acc: 0.4721
Training epoch 3
Training loss: 1.1683
Valid acc: 0.4721
Training epoch 4
Training loss: 1.1654
Valid acc: 0.4774
Training epoch 5
Training loss: 1.1628
Valid acc: 0.4821
Training epoch 6
Training loss: 1.1588
Valid acc: 0.5183
Training epoch 7
Training loss: 1.1525
Valid acc: 0.5527
Training epoch 8
Training loss: 1.1427
Valid acc: 0.6023
Training epoch 9
Training loss: 1.1288
Valid acc: 0.6348
Training epoch 10
Training loss: 1.1138
Valid acc: 0.6553
Training epoch 11
Training loss: 1.0995
Valid acc: 0.6655
Training epoch 12
Training loss: 1.0861
Valid acc: 0.6620
Training epoch 13
Training loss: 1.0736
Valid acc: 0.6761
Training epoch 14
Training loss: 1.0620
Valid acc: 0.6809
Training epoch 15
Training loss: 1.0512
Valid acc: 0.6916
Final Test acc: 0.7146
Number of trainable parameters:  224892
