Training epoch 1
Training loss: 1.1420
Valid acc: 0.5842
Training epoch 2
Training loss: 1.0543
Valid acc: 0.6893
Training epoch 3
Training loss: 0.9815
Valid acc: 0.7326
Training epoch 4
Training loss: 0.9234
Valid acc: 0.7554
Training epoch 5
Training loss: 0.8756
Valid acc: 0.7991
Training epoch 6
Training loss: 0.8348
Valid acc: 0.8139
Training epoch 7
Training loss: 0.8001
Valid acc: 0.8214
Training epoch 8
Training loss: 0.7706
Valid acc: 0.8046
Training epoch 9
Training loss: 0.7453
Valid acc: 0.8247
Training epoch 10
Training loss: 0.7233
Valid acc: 0.8415
Training epoch 11
Training loss: 0.7043
Valid acc: 0.8387
Training epoch 12
Training loss: 0.6874
Valid acc: 0.8392
Training epoch 13
Training loss: 0.6724
Valid acc: 0.8362
Training epoch 14
Training loss: 0.6588
Valid acc: 0.8447
Training epoch 15
Training loss: 0.6465
Valid acc: 0.8532
Final Test acc: 0.7996
Number of trainable parameters:  224892
