Training epoch 1
Training loss: 0.9522
Valid acc: 0.7341
Training epoch 2
Training loss: 0.8517
Valid acc: 0.7719
Training epoch 3
Training loss: 0.7941
Valid acc: 0.7896
Training epoch 4
Training loss: 0.7597
Valid acc: 0.7849
Training epoch 5
Training loss: 0.7362
Valid acc: 0.8051
Training epoch 6
Training loss: 0.7198
Valid acc: 0.7836
Training epoch 7
Training loss: 0.7075
Valid acc: 0.7968
Training epoch 8
Training loss: 0.6972
Valid acc: 0.7891
Training epoch 9
Training loss: 0.6896
Valid acc: 0.7993
Training epoch 10
Training loss: 0.6839
Valid acc: 0.7612
Training epoch 11
Training loss: 0.6787
Valid acc: 0.8029
Training epoch 12
Training loss: 0.6743
Valid acc: 0.7938
Training epoch 13
Training loss: 0.6709
Valid acc: 0.8091
Training epoch 14
Training loss: 0.6684
Valid acc: 0.7977
Training epoch 15
Training loss: 0.6665
Valid acc: 0.7957
Final Test acc: 0.7902
Number of trainable parameters:  224892
