Training epoch 1
Training loss: 1.1860
Valid acc: 0.4721
Training epoch 2
Training loss: 1.1730
Valid acc: 0.4721
Training epoch 3
Training loss: 1.1682
Valid acc: 0.4721
Training epoch 4
Training loss: 1.1654
Valid acc: 0.4774
Training epoch 5
Training loss: 1.1626
Valid acc: 0.4884
Training epoch 6
Training loss: 1.1581
Valid acc: 0.5264
Training epoch 7
Training loss: 1.1513
Valid acc: 0.5573
Training epoch 8
Training loss: 1.1408
Valid acc: 0.6096
Training epoch 9
Training loss: 1.1266
Valid acc: 0.6382
Training epoch 10
Training loss: 1.1115
Valid acc: 0.6491
Training epoch 11
Training loss: 1.0971
Valid acc: 0.6635
Training epoch 12
Training loss: 1.0836
Valid acc: 0.6644
Training epoch 13
Training loss: 1.0712
Valid acc: 0.6833
Training epoch 14
Training loss: 1.0595
Valid acc: 0.6800
Training epoch 15
Training loss: 1.0486
Valid acc: 0.6893
Final Test acc: 0.7070
Number of trainable parameters:  224892
