Training epoch 1
Training loss: 0.9698
Valid acc: 0.7141
Training epoch 2
Training loss: 0.8780
Valid acc: 0.7557
Training epoch 3
Training loss: 0.8226
Valid acc: 0.7723
Training epoch 4
Training loss: 0.7870
Valid acc: 0.7727
Training epoch 5
Training loss: 0.7620
Valid acc: 0.7884
Training epoch 6
Training loss: 0.7441
Valid acc: 0.7772
Training epoch 7
Training loss: 0.7300
Valid acc: 0.8031
Training epoch 8
Training loss: 0.7194
Valid acc: 0.7716
Training epoch 9
Training loss: 0.7105
Valid acc: 0.7905
Training epoch 10
Training loss: 0.7033
Valid acc: 0.7951
Training epoch 11
Training loss: 0.6968
Valid acc: 0.7718
Training epoch 12
Training loss: 0.6916
Valid acc: 0.7933
Training epoch 13
Training loss: 0.6874
Valid acc: 0.7650
Training epoch 14
Training loss: 0.6835
Valid acc: 0.7912
Training epoch 15
Training loss: 0.6801
Valid acc: 0.7978
Final Test acc: 0.7921
Number of trainable parameters:  224892
