Training epoch 1
Training loss: 1.1381
Valid acc: 0.5998
Training epoch 2
Training loss: 1.0482
Valid acc: 0.6981
Training epoch 3
Training loss: 0.9748
Valid acc: 0.7378
Training epoch 4
Training loss: 0.9172
Valid acc: 0.7755
Training epoch 5
Training loss: 0.8680
Valid acc: 0.8001
Training epoch 6
Training loss: 0.8257
Valid acc: 0.8160
Training epoch 7
Training loss: 0.7899
Valid acc: 0.8233
Training epoch 8
Training loss: 0.7597
Valid acc: 0.8285
Training epoch 9
Training loss: 0.7339
Valid acc: 0.8364
Training epoch 10
Training loss: 0.7117
Valid acc: 0.8375
Training epoch 11
Training loss: 0.6925
Valid acc: 0.8395
Training epoch 12
Training loss: 0.6755
Valid acc: 0.8442
Training epoch 13
Training loss: 0.6601
Valid acc: 0.8503
Training epoch 14
Training loss: 0.6466
Valid acc: 0.8519
Training epoch 15
Training loss: 0.6343
Valid acc: 0.8480
Final Test acc: 0.8280
Number of trainable parameters:  224892
